<?xml version="1.0" encoding="utf-8"?><testsuites name="pytest tests"><testsuite name="pytest" errors="0" failures="0" skipped="1" tests="6" time="1.839" timestamp="2026-09-01T20:28:59.315844+00:00" hostname="agent-env-655ae38a-bb0f-40e1-a83a-6cac53783ada"><testcase classname="tests.test_mesh_endpoint" name="test_mesh_known_c1" time="0.393" /><testcase classname="tests.test_mesh_endpoint" name="test_mesh_404_unknown" time="0.086" /><testcase classname="tests.test_mesh_endpoint" name="test_mesh_cache_second_call_fast" time="0.237" /><testcase classname="tests.test_mesh_endpoint" name="test_mesh_multiple_objects" time="0.842" /><testcase classname="tests.test_mesh_endpoint" name="test_mesh_non_facade_object" time="0.089"><skipped type="pytest.skip" message="no non-facade object exposed via /api/objects (all are facade)">/app/backend/tests/test_mesh_endpoint.py:92: no non-facade object exposed via /api/objects (all are facade)</skipped></testcase><testcase classname="tests.test_mesh_endpoint" name="test_mesh_missing_name_param" time="0.139" /></testsuite></testsuites>