<?xml version="1.0" encoding="utf-8"?><testsuites name="pytest tests"><testsuite name="pytest" errors="0" failures="0" skipped="0" tests="11" time="2.422" timestamp="2026-08-12T20:56:41.812893+00:00" hostname="agent-env-655ae38a-bb0f-40e1-a83a-6cac53783ada"><testcase classname="tests.test_bugfixes_iter4" name="test_bug1_fabricado_does_not_increment_semana" time="0.613" /><testcase classname="tests.test_bugfixes_iter4" name="test_bug1_instalado_increments_semana" time="0.240" /><testcase classname="tests.test_bugfixes_iter4" name="test_bug1_back_to_fabricado_decrements_semana" time="0.224" /><testcase classname="tests.test_bugfixes_iter4" name="test_bug1_clear_status_keeps_zero_contribution" time="0.229" /><testcase classname="tests.test_bugfixes_iter4" name="test_bug1_toggle_install_counts_once" time="0.433" /><testcase classname="tests.test_bugfixes_iter4" name="test_bug1_cleanup" time="0.158" /><testcase classname="tests.test_bugfixes_iter4" name="test_bug2_setup_insert_malformed" time="0.015" /><testcase classname="tests.test_bugfixes_iter4" name="test_bug2_stats_still_200" time="0.081" /><testcase classname="tests.test_bugfixes_iter4" name="test_bug2_tags_still_200" time="0.079" /><testcase classname="tests.test_bugfixes_iter4" name="test_bug2_objects_still_200" time="0.078" /><testcase classname="tests.test_bugfixes_iter4" name="test_bug2_cleanup_malformed" time="0.140" /></testsuite></testsuites>