<?xml version="1.0" encoding="utf-8"?><testsuites name="pytest tests"><testsuite name="pytest" errors="0" failures="0" skipped="0" tests="40" time="7.574" timestamp="2026-08-12T20:55:45.644559+00:00" hostname="agent-env-655ae38a-bb0f-40e1-a83a-6cac53783ada"><testcase classname="tests.backend_test" name="test_root" time="0.252" /><testcase classname="tests.backend_test" name="test_admin_verify_ok" time="0.317" /><testcase classname="tests.backend_test" name="test_admin_verify_bad" time="0.315" /><testcase classname="tests.backend_test" name="test_viewer_html" time="0.130" /><testcase classname="tests.backend_test" name="test_objects_default" time="0.124" /><testcase classname="tests.backend_test" name="test_objects_search" time="0.086" /><testcase classname="tests.backend_test" name="test_objects_facade_filter" time="0.081" /><testcase classname="tests.backend_test" name="test_objects_pagination" time="0.182" /><testcase classname="tests.backend_test" name="test_objects_limit_cap" time="0.089" /><testcase classname="tests.backend_test" name="test_object_lookup" time="0.178" /><testcase classname="tests.backend_test" name="test_object_404" time="0.073" /><testcase classname="tests.backend_test" name="test_stats" time="0.101" /><testcase classname="tests.backend_test" name="test_tag_create_and_persist" time="0.320" /><testcase classname="tests.backend_test" name="test_tag_update_status_appends_history" time="0.077" /><testcase classname="tests.backend_test" name="test_tag_invalid_status" time="0.079" /><testcase classname="tests.backend_test" name="test_tag_invalid_object" time="0.076" /><testcase classname="tests.backend_test" name="test_tags_map_contains_test_obj" time="0.087" /><testcase classname="tests.backend_test" name="test_tag_clear_keeps_observations" time="0.206" /><testcase classname="tests.backend_test" name="test_report_all" time="0.079" /><testcase classname="tests.backend_test" name="test_report_invalid_status" time="0.095" /><testcase classname="tests.backend_test" name="test_report_date_filter" time="0.083" /><testcase classname="tests.backend_test" name="test_export_pdf" time="0.419" /><testcase classname="tests.backend_test" name="test_export_xlsx" time="0.247" /><testcase classname="tests.backend_test" name="test_export_invalid" time="0.074" /><testcase classname="tests.backend_test" name="test_cleanup_final" time="0.070" /><testcase classname="tests.test_new_features" name="test_upload_png_ok" time="0.436" /><testcase classname="tests.test_new_features" name="test_upload_rejects_text" time="0.061" /><testcase classname="tests.test_new_features" name="test_files_get_ok" time="0.247" /><testcase classname="tests.test_new_features" name="test_files_get_404" time="0.068" /><testcase classname="tests.test_new_features" name="test_tag_with_photo_creates_observation" time="0.529" /><testcase classname="tests.test_new_features" name="test_tag_photo_without_text" time="0.380" /><testcase classname="tests.test_new_features" name="test_clear_status_preserves_photo_observations" time="0.121" /><testcase classname="tests.test_new_features" name="test_stats_includes_semana" time="0.060" /><testcase classname="tests.test_new_features" name="test_stats_weekly_actual_increments_on_install" time="0.360" /><testcase classname="tests.test_photos_and_dedup" name="test_photos_endpoint_shape" time="0.186" /><testcase classname="tests.test_photos_and_dedup" name="test_photos_invalid_facade_422" time="0.077" /><testcase classname="tests.test_photos_and_dedup" name="test_photos_creates_and_lists_with_filters" time="0.743" /><testcase classname="tests.test_photos_and_dedup" name="test_xlsx_uses_display_name" time="0.225" /><testcase classname="tests.test_photos_and_dedup" name="test_objects_api_keeps_original_names" time="0.101" /><testcase classname="tests.test_photos_and_dedup" name="test_cleanup" time="0.065" /></testsuite></testsuites>