<?xml version="1.0" encoding="utf-8"?><testsuites name="pytest tests"><testsuite name="pytest" errors="0" failures="0" skipped="0" tests="40" time="8.767" timestamp="2026-08-12T20:09:51.419435+00:00" hostname="agent-env-655ae38a-bb0f-40e1-a83a-6cac53783ada"><testcase classname="tests.backend_test" name="test_root" time="0.137" /><testcase classname="tests.backend_test" name="test_admin_verify_ok" time="0.290" /><testcase classname="tests.backend_test" name="test_admin_verify_bad" time="0.291" /><testcase classname="tests.backend_test" name="test_viewer_html" time="0.075" /><testcase classname="tests.backend_test" name="test_objects_default" time="0.076" /><testcase classname="tests.backend_test" name="test_objects_search" time="0.069" /><testcase classname="tests.backend_test" name="test_objects_facade_filter" time="0.072" /><testcase classname="tests.backend_test" name="test_objects_pagination" time="0.144" /><testcase classname="tests.backend_test" name="test_objects_limit_cap" time="0.068" /><testcase classname="tests.backend_test" name="test_object_lookup" time="0.140" /><testcase classname="tests.backend_test" name="test_object_404" time="0.062" /><testcase classname="tests.backend_test" name="test_stats" time="0.070" /><testcase classname="tests.backend_test" name="test_tag_create_and_persist" time="0.264" /><testcase classname="tests.backend_test" name="test_tag_update_status_appends_history" time="0.076" /><testcase classname="tests.backend_test" name="test_tag_invalid_status" time="0.058" /><testcase classname="tests.backend_test" name="test_tag_invalid_object" time="0.060" /><testcase classname="tests.backend_test" name="test_tags_map_contains_test_obj" time="0.063" /><testcase classname="tests.backend_test" name="test_tag_clear_keeps_observations" time="0.121" /><testcase classname="tests.backend_test" name="test_report_all" time="0.065" /><testcase classname="tests.backend_test" name="test_report_invalid_status" time="0.063" /><testcase classname="tests.backend_test" name="test_report_date_filter" time="0.067" /><testcase classname="tests.backend_test" name="test_export_pdf" time="0.318" /><testcase classname="tests.backend_test" name="test_export_xlsx" time="0.069" /><testcase classname="tests.backend_test" name="test_export_invalid" time="0.071" /><testcase classname="tests.backend_test" name="test_cleanup_final" time="0.065" /><testcase classname="tests.test_new_features" name="test_upload_png_ok" time="0.320" /><testcase classname="tests.test_new_features" name="test_upload_rejects_text" time="0.077" /><testcase classname="tests.test_new_features" name="test_files_get_ok" time="0.279" /><testcase classname="tests.test_new_features" name="test_files_get_404" time="0.068" /><testcase classname="tests.test_new_features" name="test_tag_with_photo_creates_observation" time="1.639" /><testcase classname="tests.test_new_features" name="test_tag_photo_without_text" time="1.537" /><testcase classname="tests.test_new_features" name="test_clear_status_preserves_photo_observations" time="0.128" /><testcase classname="tests.test_new_features" name="test_stats_includes_semana" time="0.061" /><testcase classname="tests.test_new_features" name="test_stats_weekly_actual_increments_on_install" time="0.410" /><testcase classname="tests.test_photos_and_dedup" name="test_photos_endpoint_shape" time="0.176" /><testcase classname="tests.test_photos_and_dedup" name="test_photos_invalid_facade_422" time="0.051" /><testcase classname="tests.test_photos_and_dedup" name="test_photos_creates_and_lists_with_filters" time="0.703" /><testcase classname="tests.test_photos_and_dedup" name="test_xlsx_uses_display_name" time="0.254" /><testcase classname="tests.test_photos_and_dedup" name="test_objects_api_keeps_original_names" time="0.063" /><testcase classname="tests.test_photos_and_dedup" name="test_cleanup" time="0.072" /></testsuite></testsuites>