<?xml version="1.0" encoding="utf-8"?><testsuites name="pytest tests"><testsuite name="pytest" errors="0" failures="0" skipped="0" tests="9" time="3.155" timestamp="2026-08-12T19:43:26.184485+00:00" hostname="agent-env-655ae38a-bb0f-40e1-a83a-6cac53783ada"><testcase classname="tests.test_new_features" name="test_upload_png_ok" time="0.552" /><testcase classname="tests.test_new_features" name="test_upload_rejects_text" time="0.080" /><testcase classname="tests.test_new_features" name="test_files_get_ok" time="0.337" /><testcase classname="tests.test_new_features" name="test_files_get_404" time="0.072" /><testcase classname="tests.test_new_features" name="test_tag_with_photo_creates_observation" time="0.621" /><testcase classname="tests.test_new_features" name="test_tag_photo_without_text" time="0.291" /><testcase classname="tests.test_new_features" name="test_clear_status_preserves_photo_observations" time="0.167" /><testcase classname="tests.test_new_features" name="test_stats_includes_semana" time="0.086" /><testcase classname="tests.test_new_features" name="test_stats_weekly_actual_increments_on_install" time="0.452" /></testsuite></testsuites>