<?xml version="1.0" encoding="utf-8"?><testsuites name="pytest tests"><testsuite name="pytest" errors="0" failures="0" skipped="0" tests="25" time="4.540" timestamp="2026-08-12T19:19:50.348087+00:00" hostname="agent-env-655ae38a-bb0f-40e1-a83a-6cac53783ada"><testcase classname="tests.backend_test" name="test_root" time="0.392" /><testcase classname="tests.backend_test" name="test_admin_verify_ok" time="0.327" /><testcase classname="tests.backend_test" name="test_admin_verify_bad" time="0.300" /><testcase classname="tests.backend_test" name="test_viewer_html" time="0.085" /><testcase classname="tests.backend_test" name="test_objects_default" time="0.075" /><testcase classname="tests.backend_test" name="test_objects_search" time="0.076" /><testcase classname="tests.backend_test" name="test_objects_facade_filter" time="0.089" /><testcase classname="tests.backend_test" name="test_objects_pagination" time="0.165" /><testcase classname="tests.backend_test" name="test_objects_limit_cap" time="0.075" /><testcase classname="tests.backend_test" name="test_object_lookup" time="0.168" /><testcase classname="tests.backend_test" name="test_object_404" time="0.072" /><testcase classname="tests.backend_test" name="test_stats" time="0.073" /><testcase classname="tests.backend_test" name="test_tag_create_and_persist" time="0.302" /><testcase classname="tests.backend_test" name="test_tag_update_status_appends_history" time="0.088" /><testcase classname="tests.backend_test" name="test_tag_invalid_status" time="0.070" /><testcase classname="tests.backend_test" name="test_tag_invalid_object" time="0.068" /><testcase classname="tests.backend_test" name="test_tags_map_contains_test_obj" time="0.077" /><testcase classname="tests.backend_test" name="test_tag_clear_keeps_observations" time="0.144" /><testcase classname="tests.backend_test" name="test_report_all" time="0.073" /><testcase classname="tests.backend_test" name="test_report_invalid_status" time="0.068" /><testcase classname="tests.backend_test" name="test_report_date_filter" time="0.085" /><testcase classname="tests.backend_test" name="test_export_pdf" time="0.500" /><testcase classname="tests.backend_test" name="test_export_xlsx" time="0.422" /><testcase classname="tests.backend_test" name="test_export_invalid" time="0.073" /><testcase classname="tests.backend_test" name="test_cleanup_final" time="0.070" /></testsuite></testsuites>